Determining if the pthread_create exist failed with the following output:
Change Dir: /home/workspace/myrobot/build/CMakeFiles/CMakeTmp

Run Build Command:"/usr/bin/make" "cmTC_bfb52/fast"
/usr/bin/make -f CMakeFiles/cmTC_bfb52.dir/build.make CMakeFiles/cmTC_bfb52.dir/build
make[1]: Entering directory '/home/workspace/myrobot/build/CMakeFiles/CMakeTmp'
Building C object CMakeFiles/cmTC_bfb52.dir/CheckSymbolExists.c.o
/usr/bin/cc     -o CMakeFiles/cmTC_bfb52.dir/CheckSymbolExists.c.o   -c /home/workspace/myrobot/build/CMakeFiles/CMakeTmp/CheckSymbolExists.c
Linking C executable cmTC_bfb52
/usr/bin/cmake -E cmake_link_script CMakeFiles/cmTC_bfb52.dir/link.txt --verbose=1
/usr/bin/cc       CMakeFiles/cmTC_bfb52.dir/CheckSymbolExists.c.o  -o cmTC_bfb52 -rdynamic 
CMakeFiles/cmTC_bfb52.dir/CheckSymbolExists.c.o: In function `main':
CheckSymbolExists.c:(.text+0x16): undefined reference to `pthread_create'
collect2: error: ld returned 1 exit status
CMakeFiles/cmTC_bfb52.dir/build.make:97: recipe for target 'cmTC_bfb52' failed
make[1]: *** [cmTC_bfb52] Error 1
make[1]: Leaving directory '/home/workspace/myrobot/build/CMakeFiles/CMakeTmp'
Makefile:126: recipe for target 'cmTC_bfb52/fast' failed
make: *** [cmTC_bfb52/fast] Error 2

File /home/workspace/myrobot/build/CMakeFiles/CMakeTmp/CheckSymbolExists.c:
/* */
#include <pthread.h>

int main(int argc, char** argv)
{
  (void)argv;
#ifndef pthread_create
  return ((int*)(&pthread_create))[argc];
#else
  (void)argc;
  return 0;
#endif
}

Determining if the function pthread_create exists in the pthreads failed with the following output:
Change Dir: /home/workspace/myrobot/build/CMakeFiles/CMakeTmp

Run Build Command:"/usr/bin/make" "cmTC_ec1fd/fast"
/usr/bin/make -f CMakeFiles/cmTC_ec1fd.dir/build.make CMakeFiles/cmTC_ec1fd.dir/build
make[1]: Entering directory '/home/workspace/myrobot/build/CMakeFiles/CMakeTmp'
Building C object CMakeFiles/cmTC_ec1fd.dir/CheckFunctionExists.c.o
/usr/bin/cc    -DCHECK_FUNCTION_EXISTS=pthread_create   -o CMakeFiles/cmTC_ec1fd.dir/CheckFunctionExists.c.o   -c /usr/share/cmake-3.5/Modules/CheckFunctionExists.c
Linking C executable cmTC_ec1fd
/usr/bin/cmake -E cmake_link_script CMakeFiles/cmTC_ec1fd.dir/link.txt --verbose=1
/usr/bin/cc   -DCHECK_FUNCTION_EXISTS=pthread_create    CMakeFiles/cmTC_ec1fd.dir/CheckFunctionExists.c.o  -o cmTC_ec1fd -rdynamic -lpthreads 
/usr/bin/ld: cannot find -lpthreads
collect2: error: ld returned 1 exit status
CMakeFiles/cmTC_ec1fd.dir/build.make:97: recipe for target 'cmTC_ec1fd' failed
make[1]: *** [cmTC_ec1fd] Error 1
make[1]: Leaving directory '/home/workspace/myrobot/build/CMakeFiles/CMakeTmp'
Makefile:126: recipe for target 'cmTC_ec1fd/fast' failed
make: *** [cmTC_ec1fd/fast] Error 2


